2025-12-03 23:00:07 [main] WARN  TestNGContentHandler - It is strongly recommended to add "<!DOCTYPE suite SYSTEM "https://testng.org/testng-1.1.dtd" >" at the top of the suite file [G:\automation\freamework2025\AutomationFramework2025\testng.xml] otherwise TestNG may fail or not work as expected.
2025-12-03 23:00:07 [main] INFO  Utils - [TestNG] Running:
  G:\automation\freamework2025\AutomationFramework2025\testng.xml

2025-12-03 23:00:08 [main] INFO  Log - Starting WebDriver ...
2025-12-03 23:00:08 [main] INFO  Log - opening chrome ...
2025-12-03 23:00:10 [main] INFO  Log - redirect to URL page ...
2025-12-03 23:00:10 [main] INFO  Log - starting login test....
2025-12-03 23:00:10 [main] INFO  Log - adding credentials ...
2025-12-03 23:00:10 [main] INFO  Log - entering username..user1
2025-12-03 23:00:11 [main] INFO  Log - entering password..pass1
2025-12-03 23:00:11 [main] INFO  Log - Clicking login button..
2025-12-03 23:00:11 [main] INFO  Log - verifying page title ...
2025-12-03 23:00:11 [main] ERROR Log - ❌ Test FAILED: Title did NOT match
2025-12-03 23:00:11 [main] ERROR Log - Expected: Just a moment...
2025-12-03 23:00:11 [main] ERROR Log - Actual:   nopCommerce demo store. Login
2025-12-03 23:00:11 [main] INFO  Log - closing WebDriver ...
2025-12-03 23:00:11 [main] INFO  Log - Starting WebDriver ...
2025-12-03 23:00:11 [main] INFO  Log - opening chrome ...
2025-12-03 23:00:12 [main] INFO  Log - redirect to URL page ...
2025-12-03 23:00:13 [main] INFO  Log - starting login test....
2025-12-03 23:00:13 [main] INFO  Log - adding credentials ...
2025-12-03 23:00:13 [main] INFO  Log - entering username..user2
2025-12-03 23:00:13 [main] INFO  Log - entering password..pass2
2025-12-03 23:00:13 [main] INFO  Log - Clicking login button..
2025-12-03 23:00:13 [main] INFO  Log - verifying page title ...
2025-12-03 23:00:13 [main] ERROR Log - ❌ Test FAILED: Title did NOT match
2025-12-03 23:00:13 [main] ERROR Log - Expected: Just a moment...
2025-12-03 23:00:13 [main] ERROR Log - Actual:   nopCommerce demo store. Login
2025-12-03 23:00:13 [main] INFO  Log - closing WebDriver ...
2025-12-03 23:00:13 [main] INFO  Log - Starting WebDriver ...
2025-12-03 23:00:13 [main] INFO  Log - opening chrome ...
2025-12-03 23:00:14 [main] INFO  Log - redirect to URL page ...
2025-12-03 23:00:15 [main] INFO  Log - starting login test....
2025-12-03 23:00:15 [main] INFO  Log - adding credentials ...
2025-12-03 23:00:15 [main] INFO  Log - entering username..admin@yourstore.com
2025-12-03 23:00:16 [main] INFO  Log - entering password..admin@yourstore.com
2025-12-03 23:00:16 [main] INFO  Log - Clicking login button..
2025-12-03 23:00:16 [main] INFO  Log - verifying page title ...
2025-12-03 23:00:16 [main] INFO  Log - ✔ Test PASSED: Title matched
2025-12-03 23:00:16 [main] INFO  Log - closing WebDriver ...
